2017-04-26 18:50:08.322  INFO 2068 --- [restartedMain] o.s.boot.SpringApplication               : 
  .   ____          _            __ _ _
 /\\ / ___'_ __ _ _(_)_ __  __ _ \ \ \ \
( ( )\___ | '_ | '_| | '_ \/ _` | \ \ \ \
 \\/  ___)| |_)| | | | | || (_| |  ) ) ) )
  '  |____| .__|_| |_|_| |_\__, | / / / /
 =========|_|==============|___/=/_/_/_/
 :: Spring Boot ::        (v1.5.1.RELEASE)


2017-04-26 18:50:08.711  INFO 2068 --- [restartedMain] b.ProjectTemplateProvisioningApplication : Starting ProjectTemplateProvisioningApplication on Subhasiss-MBP with PID 2068 (/Users/subhasis/Downloads/demo/devfactory-project-template-provisioning/build/classes/main started by subhasis in /Users/subhasis/Downloads/demo/devfactory-project-template-provisioning)
2017-04-26 18:50:08.711  INFO 2068 --- [restartedMain] b.ProjectTemplateProvisioningApplication : No active profile set, falling back to default profiles: default
2017-04-26 18:50:08.874  INFO 2068 --- [restartedMain] s.c.a.AnnotationConfigApplicationContext : Refreshing org.springframework.context.annotation.AnnotationConfigApplicationContext@416593e4: startup date [Wed Apr 26 18:50:08 IST 2017]; root of context hierarchy
2017-04-26 18:50:09.863  INFO 2068 --- [restartedMain] trationDelegate$BeanPostProcessorChecker : Bean 'org.springframework.boot.autoconfigure.validation.ValidationAutoConfiguration' of type [class org.springframework.boot.autoconfigure.validation.ValidationAutoConfiguration] is not eligible for getting processed by all BeanPostProcessors (for example: not eligible for auto-proxying)
2017-04-26 18:50:10.051  INFO 2068 --- [restartedMain] trationDelegate$BeanPostProcessorChecker : Bean 'validator' of type [class org.springframework.validation.beanvalidation.LocalValidatorFactoryBean] is not eligible for getting processed by all BeanPostProcessors (for example: not eligible for auto-proxying)
2017-04-26 18:50:11.130  INFO 2068 --- [restartedMain] o.s.b.d.a.OptionalLiveReloadServer       : LiveReload server is running on port 35729
2017-04-26 18:50:11.175  INFO 2068 --- [restartedMain] o.s.j.e.a.AnnotationMBeanExporter        : Registering beans for JMX exposure on startup
2017-04-26 18:50:11.192  INFO 2068 --- [restartedMain] .i.p.b.ProjectTemplateProvisioningRunner : Starting provisioning engine...
2017-04-26 18:50:11.233  INFO 2068 --- [restartedMain] c.d.i.p.e.ProvisioningExecutionStepChain : The following provisioning steps will be performed (pre-checking):
2017-04-26 18:50:11.233  INFO 2068 --- [restartedMain] c.d.i.p.e.ProvisioningExecutionStepChain : *************************
2017-04-26 18:50:11.269  INFO 2068 --- [restartedMain] c.d.i.p.e.ProvisioningExecutionStepChain : Pre-validation [OK]
2017-04-26 18:50:11.272  INFO 2068 --- [restartedMain] c.d.i.p.e.ProvisioningExecutionStepChain : Pre-clean [OK]
2017-04-26 18:50:11.342  INFO 2068 --- [restartedMain] c.d.i.p.e.ProvisioningExecutionStepChain : Cloning template [OK]
2017-04-26 18:50:11.345  INFO 2068 --- [restartedMain] c.d.i.p.e.ProvisioningExecutionStepChain : Copying template [OK]
2017-04-26 18:50:11.346  INFO 2068 --- [restartedMain] c.d.i.p.e.ProvisioningExecutionStepChain : Make scripts executable [OK]
2017-04-26 18:50:11.348  INFO 2068 --- [restartedMain] c.d.i.p.e.ProvisioningExecutionStepChain : Rename modules [OK]
2017-04-26 18:50:11.349  INFO 2068 --- [restartedMain] c.d.i.p.e.ProvisioningExecutionStepChain : Rename packages [OK]
2017-04-26 18:50:11.350  INFO 2068 --- [restartedMain] c.d.i.p.e.ProvisioningExecutionStepChain : Set maintainers [OK]
2017-04-26 18:50:11.350  INFO 2068 --- [restartedMain] c.d.i.p.e.ProvisioningExecutionStepChain : Updating Jenkins config [OK]
2017-04-26 18:50:11.351  INFO 2068 --- [restartedMain] c.d.i.p.e.ProvisioningExecutionStepChain : Create repository [OK]
2017-04-26 18:50:11.351  INFO 2068 --- [restartedMain] c.d.i.p.e.ProvisioningExecutionStepChain : Share in repository [OK]
2017-04-26 18:50:11.352  INFO 2068 --- [restartedMain] c.d.i.p.e.ProvisioningExecutionStepChain : Establish git flow [OK]
2017-04-26 18:50:11.353  INFO 2068 --- [restartedMain] c.d.i.p.e.ProvisioningExecutionStepChain : Workspace cleanup [OK]
2017-04-26 18:50:11.355  INFO 2068 --- [restartedMain] c.d.i.p.e.ProvisioningExecutionStepChain : *************************
2017-04-26 18:50:11.355  INFO 2068 --- [restartedMain] c.d.i.p.e.ProvisioningExecutionStepChain : Pre-check succeeded. Starting to perform provisioning steps
2017-04-26 18:50:11.357  INFO 2068 --- [restartedMain] c.d.i.p.e.ProvisioningExecutionStepChain : Do you want to continue? Y/N
2017-04-26 18:50:14.255  INFO 2068 --- [restartedMain] stractTraceableProvisioningExecutionStep : Pre-validation started
2017-04-26 18:50:14.256  INFO 2068 --- [restartedMain] c.d.i.p.e.steps.PrevalidationStep        : Pre-validation in progress /tmp/project-template-provisioning-workspace ...
2017-04-26 18:50:14.256  INFO 2068 --- [restartedMain] stractTraceableProvisioningExecutionStep : Pre-validation finished
2017-04-26 18:50:14.256  INFO 2068 --- [restartedMain] stractTraceableProvisioningExecutionStep : Pre-clean started
2017-04-26 18:50:14.257  INFO 2068 --- [restartedMain] c.d.i.p.execution.steps.PreCleanStep     : No pre-clean needed, workspace does not exist!
2017-04-26 18:50:14.257  INFO 2068 --- [restartedMain] stractTraceableProvisioningExecutionStep : Pre-clean finished
2017-04-26 18:50:14.257  INFO 2068 --- [restartedMain] stractTraceableProvisioningExecutionStep : Cloning template started
2017-04-26 18:50:14.271  INFO 2068 --- [restartedMain] c.d.i.p.e.support.CommandLineExecutor    : Executing command: [git, clone, -b, master, --single-branch, git@github.com:trilogy-group/devfactory-project-template.git, /tmp/project-template-provisioning-workspace/repository/project-template]
2017-04-26 18:51:02.902  INFO 2068 --- [restartedMain] c.d.i.p.e.support.CommandLineExecutor    : Command `[git, clone, -b, master, --single-branch, git@github.com:trilogy-group/devfactory-project-template.git, /tmp/project-template-provisioning-workspace/repository/project-template]` has finished with exit value: 0
2017-04-26 18:51:02.903  INFO 2068 --- [restartedMain] stractTraceableProvisioningExecutionStep : Cloning template finished
2017-04-26 18:51:02.903  INFO 2068 --- [restartedMain] stractTraceableProvisioningExecutionStep : Copying template started
2017-04-26 18:51:03.197  INFO 2068 --- [restartedMain] c.d.i.p.execution.steps.CopyProjectStep  : Template project /tmp/project-template-provisioning-workspace/repository/project-template copied into /Users/Subhasis/Downloads/demo/devfactory-providemosubhh
2017-04-26 18:51:03.200  INFO 2068 --- [restartedMain] stractTraceableProvisioningExecutionStep : Copying template finished
2017-04-26 18:51:03.201  INFO 2068 --- [restartedMain] stractTraceableProvisioningExecutionStep : Make scripts executable started
2017-04-26 18:51:03.292  INFO 2068 --- [restartedMain] stractTraceableProvisioningExecutionStep : Make scripts executable finished
2017-04-26 18:51:03.293  INFO 2068 --- [restartedMain] stractTraceableProvisioningExecutionStep : Rename modules started
2017-04-26 18:51:03.810  INFO 2068 --- [restartedMain] c.d.i.p.e.steps.RenameModulesStep        : Modules renamed from project-template-* to devfactory-providemosubhh-*
2017-04-26 18:51:03.811  INFO 2068 --- [restartedMain] stractTraceableProvisioningExecutionStep : Rename modules finished
2017-04-26 18:51:03.813  INFO 2068 --- [restartedMain] stractTraceableProvisioningExecutionStep : Rename packages started
2017-04-26 18:51:03.918  INFO 2068 --- [restartedMain] c.d.i.p.e.steps.RenamePackagesStep       : Packages com.devfactory.ipt renamed to com.devfactory.providemosubhh
2017-04-26 18:51:03.918  INFO 2068 --- [restartedMain] stractTraceableProvisioningExecutionStep : Rename packages finished
2017-04-26 18:51:03.919  INFO 2068 --- [restartedMain] stractTraceableProvisioningExecutionStep : Set maintainers started
2017-04-26 18:51:03.949  INFO 2068 --- [restartedMain] c.d.i.p.e.steps.UpdateMaintainersStep    : Maintainer label set to 'subhasispadhy@yahoo.com,conrad.herrer@example.com'
2017-04-26 18:51:03.950  INFO 2068 --- [restartedMain] stractTraceableProvisioningExecutionStep : Set maintainers finished
2017-04-26 18:51:03.951  INFO 2068 --- [restartedMain] stractTraceableProvisioningExecutionStep : Updating Jenkins config started
2017-04-26 18:51:04.021  INFO 2068 --- [restartedMain] stractTraceableProvisioningExecutionStep : Updating Jenkins config finished
2017-04-26 18:51:04.021  INFO 2068 --- [restartedMain] stractTraceableProvisioningExecutionStep : Create repository started
2017-04-26 18:51:11.198  INFO 2068 --- [restartedMain] c.d.i.p.e.steps.CreateRepositoryStep     : Repository created: devfactory-providemosubhh at https://github.com/trilogy-group/devfactory-providemosubhh
2017-04-26 18:51:11.198  INFO 2068 --- [restartedMain] stractTraceableProvisioningExecutionStep : Create repository finished
2017-04-26 18:51:11.198  INFO 2068 --- [restartedMain] stractTraceableProvisioningExecutionStep : Share in repository started
2017-04-26 18:51:11.198  INFO 2068 --- [restartedMain] c.d.i.p.e.support.CommandLineExecutor    : Executing command: [git, init, /Users/Subhasis/Downloads/demo/devfactory-providemosubhh]
2017-04-26 18:51:11.235  INFO 2068 --- [restartedMain] c.d.i.p.e.support.CommandLineExecutor    : Command `[git, init, /Users/Subhasis/Downloads/demo/devfactory-providemosubhh]` has finished with exit value: 0
2017-04-26 18:51:11.238  INFO 2068 --- [restartedMain] c.d.i.p.e.support.CommandLineExecutor    : Executing command: [git, --work-tree=/Users/Subhasis/Downloads/demo/devfactory-providemosubhh, --git-dir=/Users/Subhasis/Downloads/demo/devfactory-providemosubhh/.git, add, .]
2017-04-26 18:51:11.979  INFO 2068 --- [restartedMain] c.d.i.p.e.support.CommandLineExecutor    : Command `[git, --work-tree=/Users/Subhasis/Downloads/demo/devfactory-providemosubhh, --git-dir=/Users/Subhasis/Downloads/demo/devfactory-providemosubhh/.git, add, .]` has finished with exit value: 0
2017-04-26 18:51:11.980  INFO 2068 --- [restartedMain] c.d.i.p.e.support.CommandLineExecutor    : Executing command: [git, --work-tree=/Users/Subhasis/Downloads/demo/devfactory-providemosubhh, --git-dir=/Users/Subhasis/Downloads/demo/devfactory-providemosubhh/.git, commit, -m, "Initial import of devfactory-providemosubhh"]
2017-04-26 18:51:13.390  INFO 2068 --- [restartedMain] stractTraceableProvisioningExecutionStep : Workspace cleanup started
2017-04-26 18:51:13.459  INFO 2068 --- [restartedMain] c.d.i.p.execution.steps.CleanupStep      : Workspace /tmp/project-template-provisioning-workspace deleted
2017-04-26 18:51:13.459  INFO 2068 --- [restartedMain] stractTraceableProvisioningExecutionStep : Workspace cleanup finished
2017-04-26 18:51:13.463 ERROR 2068 --- [restartedMain] DefaultProjectTemplateProvisioningEngine : Provisioning failure: Failed to execute command `[git, --work-tree=/Users/Subhasis/Downloads/demo/devfactory-providemosubhh, --git-dir=/Users/Subhasis/Downloads/demo/devfactory-providemosubhh/.git, commit, -m, "Initial import of devfactory-providemosubhh"]`, exited with 128!

com.devfactory.ipt.provisioning.domain.SystemException: Failed to execute command `[git, --work-tree=/Users/Subhasis/Downloads/demo/devfactory-providemosubhh, --git-dir=/Users/Subhasis/Downloads/demo/devfactory-providemosubhh/.git, commit, -m, "Initial import of devfactory-providemosubhh"]`, exited with 128
	at com.devfactory.ipt.provisioning.execution.support.CommandLineExecutor.runCommand(CommandLineExecutor.java:36)
	at com.devfactory.ipt.provisioning.execution.steps.ShareInRepositoryStep.runGitInContext(ShareInRepositoryStep.java:47)
	at com.devfactory.ipt.provisioning.execution.steps.ShareInRepositoryStep.doPerform(ShareInRepositoryStep.java:33)
	at com.devfactory.ipt.provisioning.execution.steps.AbstractTraceableProvisioningExecutionStep.perform(AbstractTraceableProvisioningExecutionStep.java:25)
	at com.devfactory.ipt.provisioning.execution.ProvisioningExecutionStepChain.doPerformStep(ProvisioningExecutionStepChain.java:150)
	at com.devfactory.ipt.provisioning.execution.ProvisioningExecutionStepChain.lambda$executeSteps$2(ProvisioningExecutionStepChain.java:142)
	at java.util.Arrays$ArrayList.forEach(Arrays.java:3880)
	at com.devfactory.ipt.provisioning.execution.ProvisioningExecutionStepChain.executeSteps(ProvisioningExecutionStepChain.java:142)
	at com.devfactory.ipt.provisioning.execution.ProvisioningExecutionStepChain.doExecute(ProvisioningExecutionStepChain.java:134)
	at com.devfactory.ipt.provisioning.execution.ProvisioningExecutionStepChain.performExecution(ProvisioningExecutionStepChain.java:42)
	at com.devfactory.ipt.provisioning.execution.ProvisioningExecutionStepChain.execute(ProvisioningExecutionStepChain.java:34)
	at com.devfactory.ipt.provisioning.core.DefaultProjectTemplateProvisioningEngine.start(DefaultProjectTemplateProvisioningEngine.java:32)
	at com.devfactory.ipt.provisioning.bootstrap.ProjectTemplateProvisioningRunner.run(ProjectTemplateProvisioningRunner.java:41)
	at org.springframework.boot.SpringApplication.callRunner(SpringApplication.java:767)
	at org.springframework.boot.SpringApplication.callRunners(SpringApplication.java:757)
	at org.springframework.boot.SpringApplication.afterRefresh(SpringApplication.java:747)
	at org.springframework.boot.SpringApplication.run(SpringApplication.java:315)
	at com.devfactory.ipt.provisioning.bootstrap.ProjectTemplateProvisioningApplication.main(ProjectTemplateProvisioningApplication.java:13)
	at sun.reflect.NativeMethodAccessorImpl.invoke0(Native Method)
	at sun.reflect.NativeMethodAccessorImpl.invoke(NativeMethodAccessorImpl.java:62)
	at sun.reflect.DelegatingMethodAccessorImpl.invoke(DelegatingMethodAccessorImpl.java:43)
	at java.lang.reflect.Method.invoke(Method.java:498)
	at org.springframework.boot.devtools.restart.RestartLauncher.run(RestartLauncher.java:49)

2017-04-26 18:51:13.464  INFO 2068 --- [restartedMain] .i.p.b.ProjectTemplateProvisioningRunner : Provisioning result: FAILURE
2017-04-26 18:51:13.467  INFO 2068 --- [restartedMain] b.ProjectTemplateProvisioningApplication : Started ProjectTemplateProvisioningApplication in 66.24 seconds (JVM running for 67.219)
2017-04-26 18:51:13.472  INFO 2068 --- [Thread-8] s.c.a.AnnotationConfigApplicationContext : Closing org.springframework.context.annotation.AnnotationConfigApplicationContext@416593e4: startup date [Wed Apr 26 18:50:08 IST 2017]; root of context hierarchy
2017-04-26 18:51:13.477  INFO 2068 --- [Thread-8] o.s.j.e.a.AnnotationMBeanExporter        : Unregistering JMX-exposed beans on shutdown
2017-04-26 19:00:49.139  INFO 2292 --- [restartedMain] o.s.boot.SpringApplication               : 
  .   ____          _            __ _ _
 /\\ / ___'_ __ _ _(_)_ __  __ _ \ \ \ \
( ( )\___ | '_ | '_| | '_ \/ _` | \ \ \ \
 \\/  ___)| |_)| | | | | || (_| |  ) ) ) )
  '  |____| .__|_| |_|_| |_\__, | / / / /
 =========|_|==============|___/=/_/_/_/
 :: Spring Boot ::        (v1.5.1.RELEASE)


2017-04-26 19:00:49.312  INFO 2292 --- [restartedMain] b.ProjectTemplateProvisioningApplication : Starting ProjectTemplateProvisioningApplication on Subhasiss-MBP with PID 2292 (/Users/subhasis/Downloads/demo/devfactory-project-template-provisioning/build/classes/main started by subhasis in /Users/subhasis/Downloads/demo/devfactory-project-template-provisioning)
2017-04-26 19:00:49.315  INFO 2292 --- [restartedMain] b.ProjectTemplateProvisioningApplication : No active profile set, falling back to default profiles: default
2017-04-26 19:00:49.420  INFO 2292 --- [restartedMain] s.c.a.AnnotationConfigApplicationContext : Refreshing org.springframework.context.annotation.AnnotationConfigApplicationContext@369eb346: startup date [Wed Apr 26 19:00:49 IST 2017]; root of context hierarchy
2017-04-26 19:00:50.184  INFO 2292 --- [restartedMain] trationDelegate$BeanPostProcessorChecker : Bean 'org.springframework.boot.autoconfigure.validation.ValidationAutoConfiguration' of type [class org.springframework.boot.autoconfigure.validation.ValidationAutoConfiguration] is not eligible for getting processed by all BeanPostProcessors (for example: not eligible for auto-proxying)
2017-04-26 19:00:50.323  INFO 2292 --- [restartedMain] trationDelegate$BeanPostProcessorChecker : Bean 'validator' of type [class org.springframework.validation.beanvalidation.LocalValidatorFactoryBean] is not eligible for getting processed by all BeanPostProcessors (for example: not eligible for auto-proxying)
2017-04-26 19:00:51.263  INFO 2292 --- [restartedMain] o.s.b.d.a.OptionalLiveReloadServer       : LiveReload server is running on port 35729
2017-04-26 19:00:51.300  INFO 2292 --- [restartedMain] o.s.j.e.a.AnnotationMBeanExporter        : Registering beans for JMX exposure on startup
2017-04-26 19:00:51.313  INFO 2292 --- [restartedMain] .i.p.b.ProjectTemplateProvisioningRunner : Starting provisioning engine...
2017-04-26 19:00:51.349  INFO 2292 --- [restartedMain] c.d.i.p.e.ProvisioningExecutionStepChain : The following provisioning steps will be performed (pre-checking):
2017-04-26 19:00:51.349  INFO 2292 --- [restartedMain] c.d.i.p.e.ProvisioningExecutionStepChain : *************************
2017-04-26 19:00:51.382  INFO 2292 --- [restartedMain] c.d.i.p.e.ProvisioningExecutionStepChain : Pre-validation [OK]
2017-04-26 19:00:51.383  INFO 2292 --- [restartedMain] c.d.i.p.e.ProvisioningExecutionStepChain : Pre-clean [OK]
2017-04-26 19:00:51.472  INFO 2292 --- [restartedMain] c.d.i.p.e.ProvisioningExecutionStepChain : Cloning template [OK]
2017-04-26 19:00:51.474  INFO 2292 --- [restartedMain] c.d.i.p.e.ProvisioningExecutionStepChain : Copying template [OK]
2017-04-26 19:00:51.475  INFO 2292 --- [restartedMain] c.d.i.p.e.ProvisioningExecutionStepChain : Make scripts executable [OK]
2017-04-26 19:00:51.475  INFO 2292 --- [restartedMain] c.d.i.p.e.ProvisioningExecutionStepChain : Rename modules [OK]
2017-04-26 19:00:51.476  INFO 2292 --- [restartedMain] c.d.i.p.e.ProvisioningExecutionStepChain : Rename packages [OK]
2017-04-26 19:00:51.476  INFO 2292 --- [restartedMain] c.d.i.p.e.ProvisioningExecutionStepChain : Set maintainers [OK]
2017-04-26 19:00:51.477  INFO 2292 --- [restartedMain] c.d.i.p.e.ProvisioningExecutionStepChain : Updating Jenkins config [OK]
2017-04-26 19:00:51.477  INFO 2292 --- [restartedMain] c.d.i.p.e.ProvisioningExecutionStepChain : Create repository [OK]
2017-04-26 19:00:51.477  INFO 2292 --- [restartedMain] c.d.i.p.e.ProvisioningExecutionStepChain : Share in repository [OK]
2017-04-26 19:00:51.478  INFO 2292 --- [restartedMain] c.d.i.p.e.ProvisioningExecutionStepChain : Establish git flow [OK]
2017-04-26 19:00:51.479  INFO 2292 --- [restartedMain] c.d.i.p.e.ProvisioningExecutionStepChain : Workspace cleanup [OK]
2017-04-26 19:00:51.479  INFO 2292 --- [restartedMain] c.d.i.p.e.ProvisioningExecutionStepChain : *************************
2017-04-26 19:00:51.479  INFO 2292 --- [restartedMain] c.d.i.p.e.ProvisioningExecutionStepChain : Pre-check succeeded. Starting to perform provisioning steps
2017-04-26 19:00:51.480  INFO 2292 --- [restartedMain] c.d.i.p.e.ProvisioningExecutionStepChain : Do you want to continue? Y/N
2017-04-26 19:00:54.883  INFO 2292 --- [restartedMain] stractTraceableProvisioningExecutionStep : Pre-validation started
2017-04-26 19:00:54.883  INFO 2292 --- [restartedMain] c.d.i.p.e.steps.PrevalidationStep        : Pre-validation in progress /tmp/project-template-provisioning-workspace ...
2017-04-26 19:00:54.883  INFO 2292 --- [restartedMain] stractTraceableProvisioningExecutionStep : Pre-validation finished
2017-04-26 19:00:54.883  INFO 2292 --- [restartedMain] stractTraceableProvisioningExecutionStep : Pre-clean started
2017-04-26 19:00:54.885  INFO 2292 --- [restartedMain] c.d.i.p.execution.steps.PreCleanStep     : No pre-clean needed, workspace does not exist!
2017-04-26 19:00:54.885  INFO 2292 --- [restartedMain] stractTraceableProvisioningExecutionStep : Pre-clean finished
2017-04-26 19:00:54.886  INFO 2292 --- [restartedMain] stractTraceableProvisioningExecutionStep : Cloning template started
2017-04-26 19:00:54.895  INFO 2292 --- [restartedMain] c.d.i.p.e.support.CommandLineExecutor    : Executing command: [git, clone, -b, master, --single-branch, git@github.com:trilogy-group/devfactory-project-template.git, /tmp/project-template-provisioning-workspace/repository/project-template]
2017-04-26 19:01:43.812  INFO 2292 --- [restartedMain] c.d.i.p.e.support.CommandLineExecutor    : Command `[git, clone, -b, master, --single-branch, git@github.com:trilogy-group/devfactory-project-template.git, /tmp/project-template-provisioning-workspace/repository/project-template]` has finished with exit value: 0
2017-04-26 19:01:43.812  INFO 2292 --- [restartedMain] stractTraceableProvisioningExecutionStep : Cloning template finished
2017-04-26 19:01:43.813  INFO 2292 --- [restartedMain] stractTraceableProvisioningExecutionStep : Copying template started
2017-04-26 19:01:44.026  INFO 2292 --- [restartedMain] c.d.i.p.execution.steps.CopyProjectStep  : Template project /tmp/project-template-provisioning-workspace/repository/project-template copied into /Users/Subhasis/Downloads/demo/devfactory-providemosub
2017-04-26 19:01:44.027  INFO 2292 --- [restartedMain] stractTraceableProvisioningExecutionStep : Copying template finished
2017-04-26 19:01:44.027  INFO 2292 --- [restartedMain] stractTraceableProvisioningExecutionStep : Make scripts executable started
2017-04-26 19:01:44.090  INFO 2292 --- [restartedMain] stractTraceableProvisioningExecutionStep : Make scripts executable finished
2017-04-26 19:01:44.090  INFO 2292 --- [restartedMain] stractTraceableProvisioningExecutionStep : Rename modules started
2017-04-26 19:01:44.167  INFO 2292 --- [restartedMain] c.d.i.p.e.steps.RenameModulesStep        : Modules renamed from project-template-* to devfactory-providemosub-*
2017-04-26 19:01:44.167  INFO 2292 --- [restartedMain] stractTraceableProvisioningExecutionStep : Rename modules finished
2017-04-26 19:01:44.167  INFO 2292 --- [restartedMain] stractTraceableProvisioningExecutionStep : Rename packages started
2017-04-26 19:01:44.268  INFO 2292 --- [restartedMain] c.d.i.p.e.steps.RenamePackagesStep       : Packages com.devfactory.ipt renamed to com.devfactory.providemosub
2017-04-26 19:01:44.268  INFO 2292 --- [restartedMain] stractTraceableProvisioningExecutionStep : Rename packages finished
2017-04-26 19:01:44.268  INFO 2292 --- [restartedMain] stractTraceableProvisioningExecutionStep : Set maintainers started
2017-04-26 19:01:44.300  INFO 2292 --- [restartedMain] c.d.i.p.e.steps.UpdateMaintainersStep    : Maintainer label set to 'subhasispadhy@yahoo.com,conrad.herrer@example.com'
2017-04-26 19:01:44.301  INFO 2292 --- [restartedMain] stractTraceableProvisioningExecutionStep : Set maintainers finished
2017-04-26 19:01:44.301  INFO 2292 --- [restartedMain] stractTraceableProvisioningExecutionStep : Updating Jenkins config started
2017-04-26 19:01:44.355  INFO 2292 --- [restartedMain] stractTraceableProvisioningExecutionStep : Updating Jenkins config finished
2017-04-26 19:01:44.355  INFO 2292 --- [restartedMain] stractTraceableProvisioningExecutionStep : Create repository started
2017-04-26 19:01:55.716  INFO 2292 --- [restartedMain] c.d.i.p.e.steps.CreateRepositoryStep     : Repository created: devfactory-providemosub at https://github.com/trilogy-group/devfactory-providemosub
2017-04-26 19:01:55.717  INFO 2292 --- [restartedMain] stractTraceableProvisioningExecutionStep : Create repository finished
2017-04-26 19:01:55.717  INFO 2292 --- [restartedMain] stractTraceableProvisioningExecutionStep : Share in repository started
2017-04-26 19:01:55.718  INFO 2292 --- [restartedMain] c.d.i.p.e.support.CommandLineExecutor    : Executing command: [git, init, /Users/Subhasis/Downloads/demo/devfactory-providemosub]
2017-04-26 19:01:55.756  INFO 2292 --- [restartedMain] c.d.i.p.e.support.CommandLineExecutor    : Command `[git, init, /Users/Subhasis/Downloads/demo/devfactory-providemosub]` has finished with exit value: 0
2017-04-26 19:01:55.760  INFO 2292 --- [restartedMain] c.d.i.p.e.support.CommandLineExecutor    : Executing command: [git, --work-tree=/Users/Subhasis/Downloads/demo/devfactory-providemosub, --git-dir=/Users/Subhasis/Downloads/demo/devfactory-providemosub/.git, add, .]
2017-04-26 19:01:56.306  INFO 2292 --- [restartedMain] c.d.i.p.e.support.CommandLineExecutor    : Command `[git, --work-tree=/Users/Subhasis/Downloads/demo/devfactory-providemosub, --git-dir=/Users/Subhasis/Downloads/demo/devfactory-providemosub/.git, add, .]` has finished with exit value: 0
2017-04-26 19:01:56.307  INFO 2292 --- [restartedMain] c.d.i.p.e.support.CommandLineExecutor    : Executing command: [git, --work-tree=/Users/Subhasis/Downloads/demo/devfactory-providemosub, --git-dir=/Users/Subhasis/Downloads/demo/devfactory-providemosub/.git, commit, -m, "Initial import of devfactory-providemosub"]
2017-04-26 19:01:56.583  INFO 2292 --- [restartedMain] c.d.i.p.e.support.CommandLineExecutor    : Command `[git, --work-tree=/Users/Subhasis/Downloads/demo/devfactory-providemosub, --git-dir=/Users/Subhasis/Downloads/demo/devfactory-providemosub/.git, commit, -m, "Initial import of devfactory-providemosub"]` has finished with exit value: 0
2017-04-26 19:01:56.584  INFO 2292 --- [restartedMain] c.d.i.p.e.support.CommandLineExecutor    : Executing command: [git, --work-tree=/Users/Subhasis/Downloads/demo/devfactory-providemosub, --git-dir=/Users/Subhasis/Downloads/demo/devfactory-providemosub/.git, remote, add, origin, git@github.com:trilogy-group/devfactory-providemosub]
2017-04-26 19:01:56.602  INFO 2292 --- [restartedMain] c.d.i.p.e.support.CommandLineExecutor    : Command `[git, --work-tree=/Users/Subhasis/Downloads/demo/devfactory-providemosub, --git-dir=/Users/Subhasis/Downloads/demo/devfactory-providemosub/.git, remote, add, origin, git@github.com:trilogy-group/devfactory-providemosub]` has finished with exit value: 0
2017-04-26 19:01:56.602  INFO 2292 --- [restartedMain] c.d.i.p.e.support.CommandLineExecutor    : Executing command: [git, --work-tree=/Users/Subhasis/Downloads/demo/devfactory-providemosub, --git-dir=/Users/Subhasis/Downloads/demo/devfactory-providemosub/.git, push, origin, master]
2017-04-26 19:02:06.186  INFO 2292 --- [restartedMain] stractTraceableProvisioningExecutionStep : Workspace cleanup started
2017-04-26 19:02:06.254  INFO 2292 --- [restartedMain] c.d.i.p.execution.steps.CleanupStep      : Workspace /tmp/project-template-provisioning-workspace deleted
2017-04-26 19:02:06.254  INFO 2292 --- [restartedMain] stractTraceableProvisioningExecutionStep : Workspace cleanup finished
2017-04-26 19:02:06.259 ERROR 2292 --- [restartedMain] DefaultProjectTemplateProvisioningEngine : Provisioning failure: Failed to execute command `[git, --work-tree=/Users/Subhasis/Downloads/demo/devfactory-providemosub, --git-dir=/Users/Subhasis/Downloads/demo/devfactory-providemosub/.git, push, origin, master]`, exited with 128!

com.devfactory.ipt.provisioning.domain.SystemException: Failed to execute command `[git, --work-tree=/Users/Subhasis/Downloads/demo/devfactory-providemosub, --git-dir=/Users/Subhasis/Downloads/demo/devfactory-providemosub/.git, push, origin, master]`, exited with 128
	at com.devfactory.ipt.provisioning.execution.support.CommandLineExecutor.runCommand(CommandLineExecutor.java:36)
	at com.devfactory.ipt.provisioning.execution.steps.ShareInRepositoryStep.runGitInContext(ShareInRepositoryStep.java:47)
	at com.devfactory.ipt.provisioning.execution.steps.ShareInRepositoryStep.doPerform(ShareInRepositoryStep.java:36)
	at com.devfactory.ipt.provisioning.execution.steps.AbstractTraceableProvisioningExecutionStep.perform(AbstractTraceableProvisioningExecutionStep.java:25)
	at com.devfactory.ipt.provisioning.execution.ProvisioningExecutionStepChain.doPerformStep(ProvisioningExecutionStepChain.java:150)
	at com.devfactory.ipt.provisioning.execution.ProvisioningExecutionStepChain.lambda$executeSteps$2(ProvisioningExecutionStepChain.java:142)
	at java.util.Arrays$ArrayList.forEach(Arrays.java:3880)
	at com.devfactory.ipt.provisioning.execution.ProvisioningExecutionStepChain.executeSteps(ProvisioningExecutionStepChain.java:142)
	at com.devfactory.ipt.provisioning.execution.ProvisioningExecutionStepChain.doExecute(ProvisioningExecutionStepChain.java:134)
	at com.devfactory.ipt.provisioning.execution.ProvisioningExecutionStepChain.performExecution(ProvisioningExecutionStepChain.java:42)
	at com.devfactory.ipt.provisioning.execution.ProvisioningExecutionStepChain.execute(ProvisioningExecutionStepChain.java:34)
	at com.devfactory.ipt.provisioning.core.DefaultProjectTemplateProvisioningEngine.start(DefaultProjectTemplateProvisioningEngine.java:32)
	at com.devfactory.ipt.provisioning.bootstrap.ProjectTemplateProvisioningRunner.run(ProjectTemplateProvisioningRunner.java:41)
	at org.springframework.boot.SpringApplication.callRunner(SpringApplication.java:767)
	at org.springframework.boot.SpringApplication.callRunners(SpringApplication.java:757)
	at org.springframework.boot.SpringApplication.afterRefresh(SpringApplication.java:747)
	at org.springframework.boot.SpringApplication.run(SpringApplication.java:315)
	at com.devfactory.ipt.provisioning.bootstrap.ProjectTemplateProvisioningApplication.main(ProjectTemplateProvisioningApplication.java:13)
	at sun.reflect.NativeMethodAccessorImpl.invoke0(Native Method)
	at sun.reflect.NativeMethodAccessorImpl.invoke(NativeMethodAccessorImpl.java:62)
	at sun.reflect.DelegatingMethodAccessorImpl.invoke(DelegatingMethodAccessorImpl.java:43)
	at java.lang.reflect.Method.invoke(Method.java:498)
	at org.springframework.boot.devtools.restart.RestartLauncher.run(RestartLauncher.java:49)

2017-04-26 19:02:06.260  INFO 2292 --- [restartedMain] .i.p.b.ProjectTemplateProvisioningRunner : Provisioning result: FAILURE
2017-04-26 19:02:06.265  INFO 2292 --- [restartedMain] b.ProjectTemplateProvisioningApplication : Started ProjectTemplateProvisioningApplication in 78.818 seconds (JVM running for 79.4)
2017-04-26 19:02:06.270  INFO 2292 --- [Thread-8] s.c.a.AnnotationConfigApplicationContext : Closing org.springframework.context.annotation.AnnotationConfigApplicationContext@369eb346: startup date [Wed Apr 26 19:00:49 IST 2017]; root of context hierarchy
2017-04-26 19:02:06.290  INFO 2292 --- [Thread-8] o.s.j.e.a.AnnotationMBeanExporter        : Unregistering JMX-exposed beans on shutdown
